1:/sbin/init
2:[kthreadd]
3:[rcu_gp]
4:[rcu_par_gp]
6:[kworker/0:0H-events_highpri]
9:[mm_percpu_wq]
10:[ksoftirqd/0]
11:[rcu_sched]
12:[migration/0]
13:[cpuhp/0]
14:[cpuhp/1]
15:[migration/1]
16:[ksoftirqd/1]
18:[kworker/1:0H-kblockd]
19:[cpuhp/2]
20:[migration/2]
21:[ksoftirqd/2]
22:[kworker/2:0-mm_percpu_wq]
23:[kworker/2:0H-events_highpri]
24:[cpuhp/3]
25:[migration/3]
26:[ksoftirqd/3]
27:[kworker/3:0-mm_percpu_wq]
28:[kworker/3:0H-kblockd]
29:[cpuhp/4]
30:[migration/4]
31:[ksoftirqd/4]
33:[kworker/4:0H-kblockd]
34:[cpuhp/5]
35:[migration/5]
36:[ksoftirqd/5]
38:[kworker/5:0H]
39:[cpuhp/6]
40:[migration/6]
41:[ksoftirqd/6]
43:[kworker/6:0H-events_highpri]
44:[cpuhp/7]
45:[migration/7]
46:[ksoftirqd/7]
48:[kworker/7:0H-kblockd]
49:[kdevtmpfs]
50:[netns]
51:[kauditd]
53:[khungtaskd]
54:[oom_reaper]
55:[writeback]
56:[kcompactd0]
57:[ksmd]
58:[khugepaged]
59:[crypto]
65:[kworker/6:1-mm_percpu_wq]
101:[kintegrityd]
102:[kblockd]
103:[edac-poller]
104:[devfreq_wq]
107:[kworker/7:1-events]
109:[kswapd0]
110:[kworker/u17:0-rb_allocator]
111:[kthrotld]
112:[irq/28-pciehp]
113:[acpi_thermal_pm]
114:[ipv6_addrconf]
115:[kworker/5:2-events]
126:[kstrp]
190:[ata_sff]
205:[kworker/u16:2-i915]
206:[scsi_eh_0]
208:[scsi_tmf_0]
209:[scsi_eh_1]
210:[scsi_tmf_1]
211:[scsi_eh_2]
212:[scsi_tmf_2]
213:[scsi_eh_3]
214:[scsi_tmf_3]
215:[scsi_eh_4]
216:[scsi_tmf_4]
217:[kworker/u16:3-events_unbound]
271:[kworker/6:1H-kblockd]
283:[nvkm-disp]
284:[kworker/7:2-events]
287:[kworker/0:4-events]
288:[kworker/5:1H-events_highpri]
290:[scsi_eh_5]
291:[scsi_tmf_5]
292:[usb-storage]
293:[kworker/2:1H-events_highpri]
294:[kworker/0:1H-events_highpri]
295:[ttm_swap]
300:[kworker/1:3-events]
301:[kworker/4:1H-kblockd]
303:[kworker/7:1H-kblockd]
304:[kworker/1:1H-kblockd]
307:[kworker/3:1H-events_highpri]
348:[kworker/2:2-events]
461:[loop0]
1023:[jbd2/sdb2-8]
1024:[ext4-rsv-conver]
1163:/lib/systemd/systemd-journald
1173:[kworker/4:3-events]
1177:/lib/systemd/systemd-udevd
1281:/usr/sbin/haveged
1305:[watchdogd]
1362:[asus_wireless_w]
1367:[led_workqueue]
1510:[kmemstick]
1511:[irq/36-mei_me]
1537:[kworker/u17:1-hci0]
1540:[cfg80211]
1559:[irq/39-iwlwifi]
1614:/usr/lib/accountsservice/accounts-daemon
1617:/usr/sbin/rsyslogd
1619:/usr/sbin/cron
1620:/usr/sbin/ModemManager
1624:/lib/systemd/systemd-logind
1625:/usr/sbin/smartd
1626:/usr/bin/dbus-daemon
1627:/usr/sbin/NetworkManager
1656:/usr/lib/policykit-1/polkitd
1669:/usr/sbin/gdm3
1683:gdm-session-worker
1693:/lib/systemd/systemd
1694:(sd-pam)
1704:/usr/bin/pulseaudio
1707:/usr/bin/gnome-keyring-daemon
1711:/usr/lib/gdm3/gdm-x-session
1713:/usr/lib/xorg/Xorg
1715:/sbin/wpa_supplicant
1720:/usr/bin/dbus-daemon
1732:/usr/lib/gnome-session/gnome-session-binary
1784:/usr/bin/ssh-agent
1790:/usr/lib/at-spi2-core/at-spi-bus-launcher
1795:/usr/bin/dbus-daemon
1797:/usr/lib/at-spi2-core/at-spi2-registryd
1814:/usr/bin/gnome-shell
1821:/usr/lib/gvfs/gvfsd
1826:/usr/lib/gvfs/gvfsd-fuse
1860:/sbin/dhclient
1867:/usr/libexec/xdg-permission-store
1900:/usr/lib/gnome-shell/gnome-shell-calendar-server
1912:/usr/lib/upower/upowerd
1914:/usr/lib/gvfs/gvfs-udisks2-volume-monitor
1931:/usr/lib/udisks2/udisksd
1952:/usr/lib/evolution/evolution-source-registry
1970:/usr/lib/gnome-online-accounts/goa-daemon
1976:/usr/lib/gvfs/gvfs-mtp-volume-monitor
1980:/usr/lib/gvfs/gvfs-gphoto2-volume-monitor
1986:/usr/lib/gvfs/gvfs-goa-volume-monitor
2018:/usr/lib/gnome-online-accounts/goa-identity-service
2023:/usr/lib/gvfs/gvfs-afc-volume-monitor
2029:/usr/lib/gnome-settings-daemon/gsd-smartcard
2031:/usr/lib/gnome-settings-daemon/gsd-keyboard
2032:/usr/lib/gnome-settings-daemon/gsd-power
2034:/usr/lib/gnome-settings-daemon/gsd-a11y-settings
2035:/usr/lib/gnome-settings-daemon/gsd-sound
2036:/usr/lib/gnome-settings-daemon/gsd-media-keys
2037:/usr/lib/gnome-settings-daemon/gsd-print-notifications
2038:/usr/lib/gnome-settings-daemon/gsd-clipboard
2039:/usr/lib/gnome-settings-daemon/gsd-wacom
2040:/usr/lib/gnome-settings-daemon/gsd-mouse
2041:/usr/lib/gnome-settings-daemon/gsd-rfkill
2042:/usr/lib/gnome-settings-daemon/gsd-color
2043:/usr/lib/gnome-settings-daemon/gsd-xsettings
2046:/usr/lib/gnome-settings-daemon/gsd-screensaver-proxy
2047:/usr/lib/gnome-settings-daemon/gsd-datetime
2049:/usr/lib/gnome-settings-daemon/gsd-sharing
2050:/usr/lib/gnome-settings-daemon/gsd-housekeeping
2086:/usr/lib/dconf/dconf-service
2126:/usr/lib/gnome-settings-daemon/gsd-printer
2144:/usr/lib/tracker/tracker-miner-apps
2145:/usr/lib/tracker/tracker-miner-fs
2148:/usr/lib/evolution/evolution-data-server/evolution-alarm-notify
2149:/usr/lib/gnome-disk-utility/gsd-disk-utility-notify
2155:/usr/lib/colord/colord
2156:/usr/lib/tracker/tracker-store
2177:/usr/lib/evolution/evolution-calendar-factory
2216:/usr/lib/evolution/evolution-addressbook-factory
2352:/usr/lib/gvfs/gvfsd-trash
2477:/usr/lib/gvfs/gvfsd-metadata
2659:[kworker/5:0-mm_percpu_wq]
2665:/usr/lib/firefox-esr/firefox-esr
2717:/usr/lib/firefox-esr/firefox-esr
2837:/usr/lib/firefox-esr/firefox-esr
3015:/usr/lib/firefox-esr/firefox-esr
3132:/usr/lib/gnome-terminal/gnome-terminal-server
3139:bash
3152:man
3162:pager
3169:[kworker/3:2-mm_percpu_wq]
3171:nano
3172:nano
3173:nano
3176:nano
3177:nano
3178:nano
3181:nano
3199:bash
3202:wc
3214:man
3224:pager
3238:[kworker/4:1]
3248:/usr/lib/firefox-esr/firefox-esr
3275:[kworker/0:0]
3284:bash
3285:wc
3321:[kworker/u16:0-events_unbound]
3322:[kworker/1:0-events]
3323:[kworker/6:0-mm_percpu_wq]
3357:man
3366:man
3367:pager
3390:nano
3411:[kworker/3:1]
3413:[kworker/1:1-events]
3432:[kworker/6:2-mm_percpu_wq]
3438:man
3448:pager
3474:[kworker/u16:1]
3480:bash
3481:ps
3482:bash
